[debug] [2023-05-18T01:53:37.091Z] ----------------------------------------------------------------------
[debug] [2023-05-18T01:53:37.093Z] Command:       C:\Program Files\nodejs\node.exe C:\Users\kinnicbj\AppData\Roaming\npm\node_modules\firebase-tools\lib\bin\firebase.js serve
[debug] [2023-05-18T01:53:37.094Z] CLI Version:   11.16.1
[debug] [2023-05-18T01:53:37.094Z] Platform:      win32
[debug] [2023-05-18T01:53:37.094Z] Node Version:  v18.12.1
[debug] [2023-05-18T01:53:37.095Z] Time:          Wed May 17 2023 21:53:37 GMT-0400 (Eastern Daylight Time)
[debug] [2023-05-18T01:53:37.095Z] ----------------------------------------------------------------------
[debug] 
[debug] [2023-05-18T01:53:37.196Z] > command requires scopes: ["email","openid","https://www.googleapis.com/auth/cloudplatformprojects.readonly","https://www.googleapis.com/auth/firebase","https://www.googleapis.com/auth/cloud-platform"]
[debug] [2023-05-18T01:53:37.196Z] > authorizing via signed-in user (bkinnick01@gmail.com)
[debug] [2023-05-18T01:53:37.197Z] [iam] checking project real-time-racing-d2164 for permissions ["firebase.projects.get"]
[debug] [2023-05-18T01:53:37.198Z] >>> [apiv2][query] POST https://cloudresourcemanager.googleapis.com/v1/projects/real-time-racing-d2164:testIamPermissions [none]
[debug] [2023-05-18T01:53:37.199Z] >>> [apiv2][(partial)header] POST https://cloudresourcemanager.googleapis.com/v1/projects/real-time-racing-d2164:testIamPermissions x-goog-quota-user=projects/real-time-racing-d2164
[debug] [2023-05-18T01:53:37.199Z] >>> [apiv2][body] POST https://cloudresourcemanager.googleapis.com/v1/projects/real-time-racing-d2164:testIamPermissions {"permissions":["firebase.projects.get"]}
[debug] [2023-05-18T01:53:37.306Z] <<< [apiv2][status] POST https://cloudresourcemanager.googleapis.com/v1/projects/real-time-racing-d2164:testIamPermissions 200
[debug] [2023-05-18T01:53:37.307Z] <<< [apiv2][body] POST https://cloudresourcemanager.googleapis.com/v1/projects/real-time-racing-d2164:testIamPermissions {"permissions":["firebase.projects.get"]}
[debug] [2023-05-18T01:53:37.308Z] >>> [apiv2][query] GET https://firebase.googleapis.com/v1beta1/projects/real-time-racing-d2164 [none]
[debug] [2023-05-18T01:53:37.457Z] <<< [apiv2][status] GET https://firebase.googleapis.com/v1beta1/projects/real-time-racing-d2164 200
[debug] [2023-05-18T01:53:37.457Z] <<< [apiv2][body] GET https://firebase.googleapis.com/v1beta1/projects/real-time-racing-d2164 {"projectId":"real-time-racing-d2164","projectNumber":"371648213477","displayName":"Real-Time-Racing","name":"projects/real-time-racing-d2164","resources":{"hostingSite":"real-time-racing-d2164","realtimeDatabaseInstance":"real-time-racing-d2164-default-rtdb"},"state":"ACTIVE","etag":"1_6ca35814-659a-4130-8556-8387a7f07ff8"}
[info] 
[info] === Serving from 'C:\Users\kinnicbj\Documents\GitHub\RealTimeRacing'...
[info] 
[warn] !  Your requested "node" version "16" doesn't match your global version "18". Using node@18 from host. {"metadata":{"emulator":{"name":"functions"},"message":"Your requested \"node\" version \"16\" doesn't match your global version \"18\". Using node@18 from host."}}
[debug] [2023-05-18T01:53:37.489Z] defaultcredentials: writing to file C:\Users\kinnicbj\AppData\Roaming\firebase\bkinnick01_gmail_com_application_default_credentials.json
[debug] [2023-05-18T01:53:37.489Z] >>> [apiv2][query] GET https://firebasehosting.googleapis.com/v1beta1/projects/real-time-racing-d2164/sites 
[debug] [2023-05-18T01:53:37.493Z] Setting GAC to C:\Users\kinnicbj\AppData\Roaming\firebase\bkinnick01_gmail_com_application_default_credentials.json {"metadata":{"emulator":{"name":"functions"},"message":"Setting GAC to C:\\Users\\kinnicbj\\AppData\\Roaming\\firebase\\bkinnick01_gmail_com_application_default_credentials.json"}}
[debug] [2023-05-18T01:53:37.493Z] >>> [apiv2][query] GET https://firebase.googleapis.com/v1beta1/projects/real-time-racing-d2164/adminSdkConfig [none]
[debug] [2023-05-18T01:53:37.674Z] <<< [apiv2][status] GET https://firebase.googleapis.com/v1beta1/projects/real-time-racing-d2164/adminSdkConfig 200
[debug] [2023-05-18T01:53:37.674Z] <<< [apiv2][body] GET https://firebase.googleapis.com/v1beta1/projects/real-time-racing-d2164/adminSdkConfig {"projectId":"real-time-racing-d2164","databaseURL":"https://real-time-racing-d2164-default-rtdb.firebaseio.com","storageBucket":"real-time-racing-d2164.appspot.com"}
[debug] [2023-05-18T01:53:37.757Z] <<< [apiv2][status] GET https://firebasehosting.googleapis.com/v1beta1/projects/real-time-racing-d2164/sites 200
[debug] [2023-05-18T01:53:37.757Z] <<< [apiv2][body] GET https://firebasehosting.googleapis.com/v1beta1/projects/real-time-racing-d2164/sites {"sites":[{"name":"projects/real-time-racing-d2164/sites/real-time-racing-d2164","defaultUrl":"https://real-time-racing-d2164.web.app","type":"DEFAULT_SITE"},{"name":"projects/real-time-racing-d2164/sites/real-time-racing-rhit","defaultUrl":"https://real-time-racing-rhit.web.app","appId":"1:371648213477:web:594dc5a501712f16657f0c","type":"USER_SITE"}]}
[debug] [2023-05-18T01:53:37.757Z] >>> [apiv2][query] GET https://firebase.googleapis.com/v1beta1/projects/real-time-racing-d2164/webApps/-/config [none]
[debug] [2023-05-18T01:53:38.030Z] <<< [apiv2][status] GET https://firebase.googleapis.com/v1beta1/projects/real-time-racing-d2164/webApps/-/config 200
[debug] [2023-05-18T01:53:38.031Z] <<< [apiv2][body] GET https://firebase.googleapis.com/v1beta1/projects/real-time-racing-d2164/webApps/-/config {"projectId":"real-time-racing-d2164","appId":"1:371648213477:web:594dc5a501712f16657f0c","databaseURL":"https://real-time-racing-d2164-default-rtdb.firebaseio.com","storageBucket":"real-time-racing-d2164.appspot.com","apiKey":"AIzaSyBfSU66fXVMvROCcoHEEGB9TV0ElCp1dbo","authDomain":"real-time-racing-d2164.firebaseapp.com","messagingSenderId":"371648213477","measurementId":"G-DNHWYZ96DS"}
[debug] [2023-05-18T01:53:38.037Z] >>> [apiv2][query] GET https://firebase.googleapis.com/v1beta1/projects/real-time-racing-d2164 [none]
[debug] [2023-05-18T01:53:38.153Z] <<< [apiv2][status] GET https://firebase.googleapis.com/v1beta1/projects/real-time-racing-d2164 200
[debug] [2023-05-18T01:53:38.153Z] <<< [apiv2][body] GET https://firebase.googleapis.com/v1beta1/projects/real-time-racing-d2164 {"projectId":"real-time-racing-d2164","projectNumber":"371648213477","displayName":"Real-Time-Racing","name":"projects/real-time-racing-d2164","resources":{"hostingSite":"real-time-racing-d2164","realtimeDatabaseInstance":"real-time-racing-d2164-default-rtdb"},"state":"ACTIVE","etag":"1_6ca35814-659a-4130-8556-8387a7f07ff8"}
[info] i  functions: Watching "C:\Users\kinnicbj\Documents\GitHub\RealTimeRacing\functions" for Cloud Functions... {"metadata":{"emulator":{"name":"functions"},"message":"Watching \"C:\\Users\\kinnicbj\\Documents\\GitHub\\RealTimeRacing\\functions\" for Cloud Functions..."}}
[info] i  hosting[real-time-racing-rhit]: Serving hosting files from: public {"metadata":{"emulator":{"name":"hosting"},"message":"Serving hosting files from: \u001b[1mpublic\u001b[22m"}}
[info] +  hosting[real-time-racing-rhit]: Local server: http://localhost:5000 {"metadata":{"emulator":{"name":"hosting"},"message":"Local server: \u001b[4m\u001b[1mhttp://localhost:5000\u001b[22m\u001b[24m"}}
[debug] [2023-05-18T01:53:38.174Z] Validating nodejs source
[warn] !  functions: package.json indicates an outdated version of firebase-functions. Please upgrade using npm install --save firebase-functions@latest in your functions directory. 
[warn] !  functions: Please note that there will be breaking changes when you upgrade. 
[debug] [2023-05-18T01:53:41.248Z] > [functions] package.json contents: {
  "name": "functions",
  "description": "Cloud Functions for Firebase",
  "scripts": {
    "serve": "firebase emulators:start --only functions",
    "shell": "firebase functions:shell",
    "start": "npm run shell",
    "deploy": "firebase deploy --only functions",
    "logs": "firebase functions:log"
  },
  "engines": {
    "node": "16"
  },
  "main": "index.js",
  "dependencies": {
    "body-parser": "^1.20.2",
    "bulma": "^0.9.4",
    "cookie-parser": "^1.4.6",
    "csurf": "^1.11.0",
    "ejs": "^3.1.9",
    "express-session": "^1.17.3",
    "firebase-admin": "^10.0.2",
    "firebase-functions": "^3.18.0"
  },
  "devDependencies": {
    "firebase-functions-test": "^0.2.0"
  },
  "private": true
}
[debug] [2023-05-18T01:53:41.248Z] Building nodejs source
[debug] [2023-05-18T01:53:41.248Z] Analyzing nodejs backend spec
[debug] [2023-05-18T01:53:41.249Z] Could not find functions.yaml. Must use http discovery
[debug] [2023-05-18T01:53:41.545Z] Serving at port 9006

[debug] [2023-05-18T01:53:41.647Z] Got response from /__/functions.yaml Failed to generate manifest from function source: Error: Cannot find module './scripts/racePage'
Require stack:
- C:\Users\kinnicbj\Documents\GitHub\RealTimeRacing\functions\index.js
- C:\Users\kinnicbj\Documents\GitHub\RealTimeRacing\functions\node_modules\firebase-functions\lib\runtime\loader.js
- C:\Users\kinnicbj\Documents\GitHub\RealTimeRacing\functions\node_modules\firebase-functions\lib\bin\firebase-functions.js
[debug] [2023-05-18T01:53:41.651Z] Failed to parse functions.yamlincomplete explicit mapping pair; a key node is missed; or followed by a non-tabulated empty line at line 1, column 56:
     ... fest from function source: Error: Cannot find module './scripts/ ... 
                                         ^ {"name":"YAMLException","reason":"incomplete explicit mapping pair; a key node is missed; or followed by a non-tabulated empty line","mark":{"name":null,"buffer":"Failed to generate manifest from function source: Error: Cannot find module './scripts/racePage'\nRequire stack:\n- C:\\Users\\kinnicbj\\Documents\\GitHub\\RealTimeRacing\\functions\\index.js\n- C:\\Users\\kinnicbj\\Documents\\GitHub\\RealTimeRacing\\functions\\node_modules\\firebase-functions\\lib\\runtime\\loader.js\n- C:\\Users\\kinnicbj\\Documents\\GitHub\\RealTimeRacing\\functions\\node_modules\\firebase-functions\\lib\\bin\\firebase-functions.js\n\u0000","position":55,"line":0,"column":55},"message":"incomplete explicit mapping pair; a key node is missed; or followed by a non-tabulated empty line at line 1, column 56:\n     ... fest from function source: Error: Cannot find module './scripts/ ... \n                                         ^"}
[debug] [2023-05-18T01:53:41.655Z] shutdown requested via /__/quitquitquit

[error] !!  functions: Failed to load function definition from source: FirebaseError: Failed to load function definition from source: Failed to generate manifest from function source: Error: Cannot find module './scripts/racePage'
Require stack:
- C:\Users\kinnicbj\Documents\GitHub\RealTimeRacing\functions\index.js
- C:\Users\kinnicbj\Documents\GitHub\RealTimeRacing\functions\node_modules\firebase-functions\lib\runtime\loader.js
- C:\Users\kinnicbj\Documents\GitHub\RealTimeRacing\functions\node_modules\firebase-functions\lib\bin\firebase-functions.js {"metadata":{"emulator":{"name":"functions"},"message":"Failed to load function definition from source: FirebaseError: Failed to load function definition from source: Failed to generate manifest from function source: Error: Cannot find module './scripts/racePage'\nRequire stack:\n- C:\\Users\\kinnicbj\\Documents\\GitHub\\RealTimeRacing\\functions\\index.js\n- C:\\Users\\kinnicbj\\Documents\\GitHub\\RealTimeRacing\\functions\\node_modules\\firebase-functions\\lib\\runtime\\loader.js\n- C:\\Users\\kinnicbj\\Documents\\GitHub\\RealTimeRacing\\functions\\node_modules\\firebase-functions\\lib\\bin\\firebase-functions.js"}}
[debug] [2023-05-18T01:54:20.548Z] File C:\Users\kinnicbj\Documents\GitHub\RealTimeRacing\functions\index.js changed, reloading triggers {"metadata":{"emulator":{"name":"functions"},"message":"File C:\\Users\\kinnicbj\\Documents\\GitHub\\RealTimeRacing\\functions\\index.js changed, reloading triggers"}}
[debug] [2023-05-18T01:54:21.558Z] Validating nodejs source
[warn] !  functions: package.json indicates an outdated version of firebase-functions. Please upgrade using npm install --save firebase-functions@latest in your functions directory. 
[warn] !  functions: Please note that there will be breaking changes when you upgrade. 
[debug] [2023-05-18T01:54:24.539Z] > [functions] package.json contents: {
  "name": "functions",
  "description": "Cloud Functions for Firebase",
  "scripts": {
    "serve": "firebase emulators:start --only functions",
    "shell": "firebase functions:shell",
    "start": "npm run shell",
    "deploy": "firebase deploy --only functions",
    "logs": "firebase functions:log"
  },
  "engines": {
    "node": "16"
  },
  "main": "index.js",
  "dependencies": {
    "body-parser": "^1.20.2",
    "bulma": "^0.9.4",
    "cookie-parser": "^1.4.6",
    "csurf": "^1.11.0",
    "ejs": "^3.1.9",
    "express-session": "^1.17.3",
    "firebase-admin": "^10.0.2",
    "firebase-functions": "^3.18.0"
  },
  "devDependencies": {
    "firebase-functions-test": "^0.2.0"
  },
  "private": true
}
[debug] [2023-05-18T01:54:24.539Z] Building nodejs source
[debug] [2023-05-18T01:54:24.539Z] Analyzing nodejs backend spec
[debug] [2023-05-18T01:54:24.540Z] Could not find functions.yaml. Must use http discovery
[debug] [2023-05-18T01:54:24.808Z] Serving at port 9006

[debug] [2023-05-18T01:54:24.987Z] Got response from /__/functions.yaml {"endpoints":{"app":{"platform":"gcfv1","httpsTrigger":{},"entryPoint":"app"}},"specVersion":"v1alpha1","requiredAPIs":[]}
[debug] [2023-05-18T01:54:24.995Z] shutdown requested via /__/quitquitquit

[info] +  functions: Loaded functions definitions from source: app. {"metadata":{"emulator":{"name":"functions"},"message":"Loaded functions definitions from source: app."}}
[info] +  functions[us-central1-app]: http function initialized (http://localhost:5001/real-time-racing-d2164/us-central1/app). {"metadata":{"emulator":{"name":"functions"},"message":"\u001b[1mhttp\u001b[22m function initialized (http://localhost:5001/real-time-racing-d2164/us-central1/app)."}}
